---------------------------------------------
SLURM job ID:        775763
SLURM job node list: gpu002
DATE:                Fri Aug  9 12:05:32 PM CEST 2024
---------------------------------------------
Loading checkpoint shards:   0%|          | 0/2 [00:00<?, ?it/s]Loading checkpoint shards:  50%|█████     | 1/2 [00:31<00:31, 31.73s/it]Loading checkpoint shards: 100%|██████████| 2/2 [00:49<00:00, 23.26s/it]Loading checkpoint shards: 100%|██████████| 2/2 [00:49<00:00, 24.53s/it]
You are not running the flash-attention implementation, expect numerical differences.
You seem to be using the pipelines sequentially on GPU. In order to maximize efficiency please use a dataset
Traceback (most recent call last):
  File "/u/dssc/scandu00/tesi-bozze/wikihop_dataset/summarize-wikihop.py", line 55, in <module>
    output = pipe(produce_prompt(sources[i]), **generation_args) 
  File "/orfeo/cephfs/home/dssc/scandu00/nlp-env/lib64/python3.9/site-packages/transformers/pipelines/text_generation.py", line 257, in __call__
    return super().__call__(Chat(text_inputs), **kwargs)
  File "/orfeo/cephfs/home/dssc/scandu00/nlp-env/lib64/python3.9/site-packages/transformers/pipelines/base.py", line 1254, in __call__
    return self.run_single(inputs, preprocess_params, forward_params, postprocess_params)
  File "/orfeo/cephfs/home/dssc/scandu00/nlp-env/lib64/python3.9/site-packages/transformers/pipelines/base.py", line 1261, in run_single
    model_outputs = self.forward(model_inputs, **forward_params)
  File "/orfeo/cephfs/home/dssc/scandu00/nlp-env/lib64/python3.9/site-packages/transformers/pipelines/base.py", line 1161, in forward
    model_outputs = self._forward(model_inputs, **forward_params)
  File "/orfeo/cephfs/home/dssc/scandu00/nlp-env/lib64/python3.9/site-packages/transformers/pipelines/text_generation.py", line 351, in _forward
    generated_sequence = self.model.generate(input_ids=input_ids, attention_mask=attention_mask, **generate_kwargs)
  File "/orfeo/cephfs/home/dssc/scandu00/nlp-env/lib64/python3.9/site-packages/torch/utils/_contextlib.py", line 115, in decorate_context
    return func(*args, **kwargs)
  File "/orfeo/cephfs/home/dssc/scandu00/nlp-env/lib64/python3.9/site-packages/transformers/generation/utils.py", line 1989, in generate
    result = self._sample(
  File "/orfeo/cephfs/home/dssc/scandu00/nlp-env/lib64/python3.9/site-packages/transformers/generation/utils.py", line 2932, in _sample
    outputs = self(**model_inputs, return_dict=True)
  File "/orfeo/cephfs/home/dssc/scandu00/nlp-env/lib64/python3.9/site-packages/torch/nn/modules/module.py", line 1511, in _wrapped_call_impl
    return self._call_impl(*args, **kwargs)
  File "/orfeo/cephfs/home/dssc/scandu00/nlp-env/lib64/python3.9/site-packages/torch/nn/modules/module.py", line 1520, in _call_impl
    return forward_call(*args, **kwargs)
  File "/orfeo/cephfs/home/dssc/scandu00/nlp-env/lib64/python3.9/site-packages/transformers/models/phi3/modeling_phi3.py", line 1203, in forward
    outputs = self.model(
  File "/orfeo/cephfs/home/dssc/scandu00/nlp-env/lib64/python3.9/site-packages/torch/nn/modules/module.py", line 1511, in _wrapped_call_impl
    return self._call_impl(*args, **kwargs)
  File "/orfeo/cephfs/home/dssc/scandu00/nlp-env/lib64/python3.9/site-packages/torch/nn/modules/module.py", line 1520, in _call_impl
    return forward_call(*args, **kwargs)
  File "/orfeo/cephfs/home/dssc/scandu00/nlp-env/lib64/python3.9/site-packages/transformers/models/phi3/modeling_phi3.py", line 998, in forward
    layer_outputs = decoder_layer(
  File "/orfeo/cephfs/home/dssc/scandu00/nlp-env/lib64/python3.9/site-packages/torch/nn/modules/module.py", line 1511, in _wrapped_call_impl
    return self._call_impl(*args, **kwargs)
  File "/orfeo/cephfs/home/dssc/scandu00/nlp-env/lib64/python3.9/site-packages/torch/nn/modules/module.py", line 1520, in _call_impl
    return forward_call(*args, **kwargs)
  File "/orfeo/cephfs/home/dssc/scandu00/nlp-env/lib64/python3.9/site-packages/transformers/models/phi3/modeling_phi3.py", line 735, in forward
    attn_outputs, self_attn_weights, present_key_value = self.self_attn(
  File "/orfeo/cephfs/home/dssc/scandu00/nlp-env/lib64/python3.9/site-packages/torch/nn/modules/module.py", line 1511, in _wrapped_call_impl
    return self._call_impl(*args, **kwargs)
  File "/orfeo/cephfs/home/dssc/scandu00/nlp-env/lib64/python3.9/site-packages/torch/nn/modules/module.py", line 1520, in _call_impl
    return forward_call(*args, **kwargs)
  File "/orfeo/cephfs/home/dssc/scandu00/nlp-env/lib64/python3.9/site-packages/transformers/models/phi3/modeling_phi3.py", line 412, in forward
    attn_weights = nn.functional.softmax(attn_weights, dim=-1, dtype=torch.float32).to(value_states.dtype)
  File "/orfeo/cephfs/home/dssc/scandu00/nlp-env/lib64/python3.9/site-packages/torch/nn/functional.py", line 1860, in softmax
    ret = input.softmax(dim, dtype=dtype)
torch.cuda.OutOfMemoryError: CUDA out of memory. Tried to allocate 6.36 GiB. GPU 0 has a total capacity of 31.74 GiB of which 1.44 GiB is free. Including non-PyTorch memory, this process has 30.29 GiB memory in use. Of the allocated memory 20.44 GiB is allocated by PyTorch, and 9.49 GiB is reserved by PyTorch but unallocated. If reserved but unallocated memory is large try setting PYTORCH_CUDA_ALLOC_CONF=expandable_segments:True to avoid fragmentation.  See documentation for Memory Management  (https://pytorch.org/docs/stable/notes/cuda.html#environment-variables)
DONE!
